modulesBase/StackBlur/StackBlur/build/intermediates/manifest_merge_blame_file/debug/manifest-merger-blame-debug-report.txt
1<?xml version="1.0" encoding="utf-8"?>
2<manifest xmlns:android="http://schemas.android.com/apk/res/android"
3    package="com.enrique.stackblur"
4    android:versionCode="1"
5    android:versionName="1.0" >
6
7    <uses-sdk
8        android:minSdkVersion="19"
8-->src\main\AndroidManifest.xml
9        android:targetSdkVersion="30" />
9-->src\main\AndroidManifest.xml
10
11    <uses-permission android:name="android.permission.WRITE_INTERNAL_STORAGE" />
11-->src\main\AndroidManifest.xml:6:5-81
11-->src\main\AndroidManifest.xml:6:22-78
12
13    <application
13-->src\main\AndroidManifest.xml:7:5-12:19
14        android:allowBackup="true"
14-->src\main\AndroidManifest.xml:8:9-35
15        android:icon="@drawable/ic_launcher"
15-->src\main\AndroidManifest.xml:9:9-45
16        android:label="@string/app_name"
16-->src\main\AndroidManifest.xml:10:9-41
17        android:theme="@style/AppTheme" >
17-->src\main\AndroidManifest.xml:11:9-40
18    </application>
19
20</manifest>